<?xml version="1.0" encoding="UTF-8"?>
<testsuites>
    <testsuite name="force.apex" timestamp="2019-08-24T19:12:55-07:00" hostname="https://connect-agility-2605-dev-ed.cs46.my.salesforce.com/" tests="1" failures="1"  errors="0"  time="0.04">
        <properties>
            <property name="outcome" value="Failed"/>
            <property name="testsRan" value="1"/>
            <property name="passing" value="0"/>
            <property name="failing" value="1"/>
            <property name="skipped" value="0"/>
            <property name="passRate" value="0%"/>
            <property name="failRate" value="100%"/>
            <property name="testStartTime" value="Aug 24, 2019 7:12 PM"/>
            <property name="testExecutionTime" value="0.04 s"/>
            <property name="testTotalTime" value="0.04 s"/>
            <property name="commandTime" value="2.81 s"/>
            <property name="hostname" value="https://connect-agility-2605-dev-ed.cs46.my.salesforce.com/"/>
            <property name="orgId" value="00D9A00000097b4UAA"/>
            <property name="username" value="test-ftnzp91kgqgp@example.com"/>
            <property name="testRunId" value="7079A00000DluOt"/>
            <property name="userId" value="0059A000001eZ9wQAE"/>
        </properties>
        <testcase name="GetFirstReturnsFirstResult" classname="GetFirstTest" time="0.04">
            <failure message="System.AssertException: Assertion Failed: GetFirst names do not match: Expected: step3, Actual: step1"><![CDATA[Class.GetFirstTest.GetFirstReturnsFirstResult: line 17, column 1]]></failure>
        </testcase>
    </testsuite>
</testsuites>
